<?xml version="1.0" encoding="UTF-8"?>
<!-- Generated by org.testng.reporters.JUnitXMLReporter -->
<testsuite ignored="0" hostname="rdiaz-XPS-15-9550" failures="0" tests="3" name="Test" time="0.067" errors="0" timestamp="23 Jun 2022 04:14:47 GMT">
  <testcase classname="com.rdiaz.training.testng.SampleSeleniumTest" name="@BeforeClass startBrowser" time="0.046">
    <failure type="java.lang.IllegalStateException" message="The driver executable does not exist: /home/rdiaz/eclipse-workspace/TestNG/TestNG/bin/chromedriver_linux64/chromedriver">
      <![CDATA[java.lang.IllegalStateException: The driver executable does not exist: /home/rdiaz/eclipse-workspace/TestNG/TestNG/bin/chromedriver_linux64/chromedriver
at com.google.common.base.Preconditions.checkState(Preconditions.java:585)
at org.openqa.selenium.remote.service.DriverService.checkExecutable(DriverService.java:137)
at org.openqa.selenium.remote.service.DriverService.findExecutable(DriverService.java:132)
at org.openqa.selenium.chrome.ChromeDriverService.access$000(ChromeDriverService.java:35)
at org.openqa.selenium.chrome.ChromeDriverService$Builder.findDefaultExecutable(ChromeDriverService.java:156)
at org.openqa.selenium.remote.service.DriverService$Builder.build(DriverService.java:346)
at org.openqa.selenium.chrome.ChromeDriverService.createDefaultService(ChromeDriverService.java:91)
at org.openqa.selenium.chrome.ChromeDriver.<init>(ChromeDriver.java:157)
at com.rdiaz.training.testng.SampleSeleniumTest.startBrowser(SampleSeleniumTest.java:32)
... Removed 25 stack frames]]>
    </failure>
  </testcase> <!-- @BeforeClass startBrowser -->
  <testcase classname="com.rdiaz.training.testng.SampleSeleniumTest" name="@AfterClass closeBrowser" time="0.0">
    <skipped/>
  </testcase> <!-- @AfterClass closeBrowser -->
  <testcase classname="com.rdiaz.training.testng.CalcTest" name="addTest" time="0.004"/>
  <testcase classname="com.rdiaz.training.testng.CalcTest" name="subtractTest" time="0.0"/>
  <testcase classname="com.rdiaz.training.testng.SampleSeleniumTest" name="validateGoogleId" time="0.0">
    <skipped/>
  </testcase> <!-- validateGoogleId -->
</testsuite> <!-- Test -->
